[2021-02-02 01:00:24.282] [exthost] [info] extension host started
[2021-02-02 01:00:24.353] [exthost] [info] ExtensionService#_doActivateExtension vscode.microsoft-authentication {"startup":false,"extensionId":{"value":"vscode.microsoft-authentication","_lower":"vscode.microsoft-authentication"},"activationEvent":"onAuthenticationRequest:microsoft"}
[2021-02-02 01:00:24.353] [exthost] [info] ExtensionService#loadCommonJSModule file:///d:/nguye/Desktop/Projets/CPP/injection/vscode/resources/app/extensions/microsoft-authentication/dist/extension.js
[2021-02-02 01:00:24.369] [exthost] [info] ExtensionService#_doActivateExtension ms-vscode-remote.remote-ssh-edit-nightly {"startup":false,"extensionId":{"value":"ms-vscode-remote.remote-ssh-edit-nightly","_lower":"ms-vscode-remote.remote-ssh-edit-nightly"},"activationEvent":"onLanguage:ssh_config"}
[2021-02-02 01:00:24.369] [exthost] [info] ExtensionService#loadCommonJSModule file:///d:/nguye/Desktop/Projets/CPP/injection/vscode/data/extensions/ms-vscode-remote.remote-ssh-edit-nightly-2021.2.900/out/extension
[2021-02-02 01:00:24.372] [exthost] [info] ExtensionService#_doActivateExtension vscode.debug-auto-launch {"startup":true,"extensionId":{"value":"vscode.debug-auto-launch","_lower":"vscode.debug-auto-launch"},"activationEvent":"*"}
[2021-02-02 01:00:24.372] [exthost] [info] ExtensionService#loadCommonJSModule file:///d:/nguye/Desktop/Projets/CPP/injection/vscode/resources/app/extensions/debug-auto-launch/dist/extension
[2021-02-02 01:00:24.376] [exthost] [info] ExtensionService#_doActivateExtension vscode.emmet {"startup":true,"extensionId":{"value":"vscode.emmet","_lower":"vscode.emmet"},"activationEvent":"*"}
[2021-02-02 01:00:24.376] [exthost] [info] ExtensionService#loadCommonJSModule file:///d:/nguye/Desktop/Projets/CPP/injection/vscode/resources/app/extensions/emmet/dist/node/emmetNodeMain
[2021-02-02 01:00:24.391] [exthost] [info] ExtensionService#_doActivateExtension vscode.git {"startup":true,"extensionId":{"value":"vscode.github","_lower":"vscode.github"},"activationEvent":"*"}
[2021-02-02 01:00:24.392] [exthost] [info] ExtensionService#loadCommonJSModule file:///d:/nguye/Desktop/Projets/CPP/injection/vscode/resources/app/extensions/git/dist/main
[2021-02-02 01:00:24.421] [exthost] [info] ExtensionService#_doActivateExtension vscode.merge-conflict {"startup":true,"extensionId":{"value":"vscode.merge-conflict","_lower":"vscode.merge-conflict"},"activationEvent":"*"}
[2021-02-02 01:00:24.422] [exthost] [info] ExtensionService#loadCommonJSModule file:///d:/nguye/Desktop/Projets/CPP/injection/vscode/resources/app/extensions/merge-conflict/dist/mergeConflictMain
[2021-02-02 01:00:24.429] [exthost] [info] ExtensionService#_doActivateExtension vscode.search-result {"startup":true,"extensionId":{"value":"vscode.search-result","_lower":"vscode.search-result"},"activationEvent":"*"}
[2021-02-02 01:00:24.429] [exthost] [info] ExtensionService#loadCommonJSModule file:///d:/nguye/Desktop/Projets/CPP/injection/vscode/resources/app/extensions/search-result/dist/extension.js
[2021-02-02 01:00:24.572] [exthost] [info] ExtensionService#_doActivateExtension ms-vscode.js-debug {"startup":false,"extensionId":{"value":"ms-vscode.js-debug","_lower":"ms-vscode.js-debug"},"activationEvent":"onCommand:extension.js-debug.clearAutoAttachVariables"}
[2021-02-02 01:00:24.573] [exthost] [info] ExtensionService#loadCommonJSModule file:///d:/nguye/Desktop/Projets/CPP/injection/vscode/resources/app/extensions/ms-vscode.js-debug/src/extension.js
[2021-02-02 01:00:24.802] [exthost] [info] ExtensionService#_doActivateExtension vscode.github-authentication {"startup":false,"extensionId":{"value":"vscode.github-authentication","_lower":"vscode.github-authentication"},"activationEvent":"onAuthenticationRequest:github"}
[2021-02-02 01:00:24.802] [exthost] [info] ExtensionService#loadCommonJSModule file:///d:/nguye/Desktop/Projets/CPP/injection/vscode/resources/app/extensions/github-authentication/dist/extension.js
[2021-02-02 01:00:25.044] [exthost] [info] ExtensionService#_doActivateExtension ms-vscode-remote.remote-ssh-nightly {"startup":false,"extensionId":{"value":"ms-vscode-remote.remote-ssh-nightly","_lower":"ms-vscode-remote.remote-ssh-nightly"},"activationEvent":"onView:sshHosts"}
[2021-02-02 01:00:25.044] [exthost] [info] ExtensionService#loadCommonJSModule file:///d:/nguye/Desktop/Projets/CPP/injection/vscode/data/extensions/ms-vscode-remote.remote-ssh-nightly-2021.2.901/out/extension
[2021-02-02 01:00:25.500] [exthost] [info] ExtensionService#_doActivateExtension vscode.github {"startup":true,"extensionId":{"value":"vscode.github","_lower":"vscode.github"},"activationEvent":"*"}
[2021-02-02 01:00:25.500] [exthost] [info] ExtensionService#loadCommonJSModule file:///d:/nguye/Desktop/Projets/CPP/injection/vscode/resources/app/extensions/github/dist/extension.js
[2021-02-02 01:00:25.511] [exthost] [info] eager extensions activated
[2021-02-02 01:00:25.516] [exthost] [info] ExtensionService#_doActivateExtension ms-vscode-remote.remote-containers {"startup":false,"extensionId":{"value":"ms-vscode-remote.remote-containers","_lower":"ms-vscode-remote.remote-containers"},"activationEvent":"onStartupFinished"}
[2021-02-02 01:00:25.517] [exthost] [info] ExtensionService#loadCommonJSModule file:///d:/nguye/Desktop/Projets/CPP/injection/vscode/data/extensions/ms-vscode-remote.remote-containers-0.155.1/dist/extension
[2021-02-02 01:00:25.567] [exthost] [info] ExtensionService#_doActivateExtension ms-vscode-remote.remote-wsl {"startup":false,"extensionId":{"value":"ms-vscode-remote.remote-wsl","_lower":"ms-vscode-remote.remote-wsl"},"activationEvent":"onStartupFinished"}
[2021-02-02 01:00:25.569] [exthost] [info] ExtensionService#loadCommonJSModule file:///d:/nguye/Desktop/Projets/CPP/injection/vscode/data/extensions/ms-vscode-remote.remote-wsl-0.52.0/dist/extension
